wearos/app/build/intermediates/manifest_merge_blame_file/debug/manifest-merger-blame-debug-report.txt
1<?xml version="1.0" encoding="utf-8"?>
2<manifest xmlns:android="http://schemas.android.com/apk/res/android"
3    package="com.example.sahhty"
4    android:versionCode="1"
5    android:versionName="1.0" >
6
7    <uses-sdk
8        android:minSdkVersion="30"
9        android:targetSdkVersion="34" />
10
11    <uses-permission android:name="android.permission.BODY_SENSORS" />
11-->src\main\AndroidManifest.xml:4:5-71
11-->src\main\AndroidManifest.xml:4:22-68
12    <uses-permission android:name="android.permission.FOREGROUND_SERVICE" />
12-->src\main\AndroidManifest.xml:5:5-77
12-->src\main\AndroidManifest.xml:5:22-74
13    <uses-permission android:name="android.permission.WAKE_LOCK" />
13-->src\main\AndroidManifest.xml:6:5-68
13-->src\main\AndroidManifest.xml:6:22-65
14    <uses-permission android:name="android.permission.RECEIVE_BOOT_COMPLETED" />
14-->src\main\AndroidManifest.xml:7:5-81
14-->src\main\AndroidManifest.xml:7:22-78
15
16    <uses-feature android:name="android.hardware.type.watch" />
16-->src\main\AndroidManifest.xml:9:5-64
16-->src\main\AndroidManifest.xml:9:19-61
17
18    <uses-permission android:name="android.permission.ACCESS_NETWORK_STATE" />
18-->[androidx.work:work-runtime:2.9.0] AndroidManifest.xml:24:5-79
18-->[androidx.work:work-runtime:2.9.0] AndroidManifest.xml:24:22-76
19
20    <permission
20-->[androidx.core:core:1.12.0] AndroidManifest.xml:22:5-24:47
21        android:name="com.example.sahhty.DYNAMIC_RECEIVER_NOT_EXPORTED_PERMISSION"
21-->[androidx.core:core:1.12.0] AndroidManifest.xml:23:9-81
22        android:protectionLevel="signature" />
22-->[androidx.core:core:1.12.0] AndroidManifest.xml:24:9-44
23
24    <uses-permission android:name="com.example.sahhty.DYNAMIC_RECEIVER_NOT_EXPORTED_PERMISSION" />
24-->[androidx.core:core:1.12.0] AndroidManifest.xml:26:5-97
24-->[androidx.core:core:1.12.0] AndroidManifest.xml:26:22-94
25
26    <application
26-->src\main\AndroidManifest.xml:11:5-54:19
27        android:allowBackup="true"
27-->src\main\AndroidManifest.xml:12:9-35
28        android:appComponentFactory="androidx.core.app.CoreComponentFactory"
28-->[androidx.core:core:1.12.0] AndroidManifest.xml:28:18-86
29        android:debuggable="true"
30        android:extractNativeLibs="false"
31        android:label="Sahhty Watch"
31-->src\main\AndroidManifest.xml:13:9-37
32        android:supportsRtl="true"
32-->src\main\AndroidManifest.xml:14:9-35
33        android:theme="@android:style/Theme.DeviceDefault" >
33-->src\main\AndroidManifest.xml:15:9-59
34        <uses-library
34-->src\main\AndroidManifest.xml:17:9-19:39
35            android:name="com.google.android.wearable"
35-->src\main\AndroidManifest.xml:18:13-55
36            android:required="true" />
36-->src\main\AndroidManifest.xml:19:13-36
37
38        <meta-data
38-->src\main\AndroidManifest.xml:21:9-23:37
39            android:name="com.google.android.wearable.standalone"
39-->src\main\AndroidManifest.xml:22:13-66
40            android:value="false" />
40-->src\main\AndroidManifest.xml:23:13-34
41
42        <!-- Capability for phone app to detect this watch app -->
43        <meta-data
43-->src\main\AndroidManifest.xml:26:9-28:69
44            android:name="com.google.android.gms.version"
44-->src\main\AndroidManifest.xml:27:13-58
45            android:value="@integer/google_play_services_version" />
45-->src\main\AndroidManifest.xml:28:13-66
46
47        <activity
47-->src\main\AndroidManifest.xml:30:9-38:20
48            android:name="com.example.sahhty.MainActivity"
48-->src\main\AndroidManifest.xml:31:13-41
49            android:exported="true"
49-->src\main\AndroidManifest.xml:32:13-36
50            android:label="Sahhty Watch" >
50-->src\main\AndroidManifest.xml:33:13-41
51            <intent-filter>
51-->src\main\AndroidManifest.xml:34:13-37:29
52                <action android:name="android.intent.action.MAIN" />
52-->src\main\AndroidManifest.xml:35:17-69
52-->src\main\AndroidManifest.xml:35:25-66
53
54                <category android:name="android.intent.category.LAUNCHER" />
54-->src\main\AndroidManifest.xml:36:17-77
54-->src\main\AndroidManifest.xml:36:27-74
55            </intent-filter>
56        </activity>
57
58        <service
58-->src\main\AndroidManifest.xml:40:9-52:19
59            android:name="com.example.sahhty.DataLayerService"
59-->src\main\AndroidManifest.xml:41:13-45
60            android:exported="true"
60-->src\main\AndroidManifest.xml:42:13-36
61            android:permission="com.google.android.gms.permission.BIND_NETWORK_TASK_SERVICE" >
61-->src\main\AndroidManifest.xml:43:13-93
62            <intent-filter>
62-->src\main\AndroidManifest.xml:44:13-51:29
63                <action android:name="com.google.android.gms.wearable.DATA_CHANGED" />
63-->src\main\AndroidManifest.xml:45:17-87
63-->src\main\AndroidManifest.xml:45:25-84
64                <action android:name="com.google.android.gms.wearable.MESSAGE_RECEIVED" />
64-->src\main\AndroidManifest.xml:46:17-91
64-->src\main\AndroidManifest.xml:46:25-88
65
66                <data
66-->src\main\AndroidManifest.xml:47:17-50:45
67                    android:host="*"
67-->src\main\AndroidManifest.xml:48:21-37
68                    android:pathPrefix="/sahhty"
68-->src\main\AndroidManifest.xml:49:21-49
69                    android:scheme="wear" />
69-->src\main\AndroidManifest.xml:50:21-42
70            </intent-filter>
71        </service>
72
73        <activity
73-->[com.google.android.gms:play-services-base:18.0.1] AndroidManifest.xml:20:9-22:45
74            android:name="com.google.android.gms.common.api.GoogleApiActivity"
74-->[com.google.android.gms:play-services-base:18.0.1] AndroidManifest.xml:20:19-85
75            android:exported="false"
75-->[com.google.android.gms:play-services-base:18.0.1] AndroidManifest.xml:22:19-43
76            android:theme="@android:style/Theme.Translucent.NoTitleBar" />
76-->[com.google.android.gms:play-services-base:18.0.1] AndroidManifest.xml:21:19-78
77
78        <provider
78-->[androidx.work:work-runtime:2.9.0] AndroidManifest.xml:29:9-37:20
79            android:name="androidx.startup.InitializationProvider"
79-->[androidx.work:work-runtime:2.9.0] AndroidManifest.xml:30:13-67
80            android:authorities="com.example.sahhty.androidx-startup"
80-->[androidx.work:work-runtime:2.9.0] AndroidManifest.xml:31:13-68
81            android:exported="false" >
81-->[androidx.work:work-runtime:2.9.0] AndroidManifest.xml:32:13-37
82            <meta-data
82-->[androidx.work:work-runtime:2.9.0] AndroidManifest.xml:34:13-36:52
83                android:name="androidx.work.WorkManagerInitializer"
83-->[androidx.work:work-runtime:2.9.0] AndroidManifest.xml:35:17-68
84                android:value="androidx.startup" />
84-->[androidx.work:work-runtime:2.9.0] AndroidManifest.xml:36:17-49
85            <meta-data
85-->[androidx.emoji2:emoji2:1.2.0] AndroidManifest.xml:29:13-31:52
86                android:name="androidx.emoji2.text.EmojiCompatInitializer"
86-->[androidx.emoji2:emoji2:1.2.0] AndroidManifest.xml:30:17-75
87                android:value="androidx.startup" />
87-->[androidx.emoji2:emoji2:1.2.0] AndroidManifest.xml:31:17-49
88            <meta-data
88-->[androidx.lifecycle:lifecycle-process:2.6.1] AndroidManifest.xml:29:13-31:52
89                android:name="androidx.lifecycle.ProcessLifecycleInitializer"
89-->[androidx.lifecycle:lifecycle-process:2.6.1] AndroidManifest.xml:30:17-78
90                android:value="androidx.startup" />
90-->[androidx.lifecycle:lifecycle-process:2.6.1] AndroidManifest.xml:31:17-49
91            <meta-data
91-->[androidx.profileinstaller:profileinstaller:1.3.0] AndroidManifest.xml:29:13-31:52
92                android:name="androidx.profileinstaller.ProfileInstallerInitializer"
92-->[androidx.profileinstaller:profileinstaller:1.3.0] AndroidManifest.xml:30:17-85
93                android:value="androidx.startup" />
93-->[androidx.profileinstaller:profileinstaller:1.3.0] AndroidManifest.xml:31:17-49
94        </provider>
95
96        <service
96-->[androidx.work:work-runtime:2.9.0] AndroidManifest.xml:39:9-45:35
97            android:name="androidx.work.impl.background.systemalarm.SystemAlarmService"
97-->[androidx.work:work-runtime:2.9.0] AndroidManifest.xml:40:13-88
98            android:directBootAware="false"
98-->[androidx.work:work-runtime:2.9.0] AndroidManifest.xml:41:13-44
99            android:enabled="@bool/enable_system_alarm_service_default"
99-->[androidx.work:work-runtime:2.9.0] AndroidManifest.xml:42:13-72
100            android:exported="false" />
100-->[androidx.work:work-runtime:2.9.0] AndroidManifest.xml:43:13-37
101        <service
101-->[androidx.work:work-runtime:2.9.0] AndroidManifest.xml:46:9-52:35
102            android:name="androidx.work.impl.background.systemjob.SystemJobService"
102-->[androidx.work:work-runtime:2.9.0] AndroidManifest.xml:47:13-84
103            android:directBootAware="false"
103-->[androidx.work:work-runtime:2.9.0] AndroidManifest.xml:48:13-44
104            android:enabled="@bool/enable_system_job_service_default"
104-->[androidx.work:work-runtime:2.9.0] AndroidManifest.xml:49:13-70
105            android:exported="true"
105-->[androidx.work:work-runtime:2.9.0] AndroidManifest.xml:50:13-36
106            android:permission="android.permission.BIND_JOB_SERVICE" />
106-->[androidx.work:work-runtime:2.9.0] AndroidManifest.xml:51:13-69
107        <service
107-->[androidx.work:work-runtime:2.9.0] AndroidManifest.xml:53:9-59:35
108            android:name="androidx.work.impl.foreground.SystemForegroundService"
108-->[androidx.work:work-runtime:2.9.0] AndroidManifest.xml:54:13-81
109            android:directBootAware="false"
109-->[androidx.work:work-runtime:2.9.0] AndroidManifest.xml:55:13-44
110            android:enabled="@bool/enable_system_foreground_service_default"
110-->[androidx.work:work-runtime:2.9.0] AndroidManifest.xml:56:13-77
111            android:exported="false" />
111-->[androidx.work:work-runtime:2.9.0] AndroidManifest.xml:57:13-37
112
113        <receiver
113-->[androidx.work:work-runtime:2.9.0] AndroidManifest.xml:61:9-66:35
114            android:name="androidx.work.impl.utils.ForceStopRunnable$BroadcastReceiver"
114-->[androidx.work:work-runtime:2.9.0] AndroidManifest.xml:62:13-88
115            android:directBootAware="false"
115-->[androidx.work:work-runtime:2.9.0] AndroidManifest.xml:63:13-44
116            android:enabled="true"
116-->[androidx.work:work-runtime:2.9.0] AndroidManifest.xml:64:13-35
117            android:exported="false" />
117-->[androidx.work:work-runtime:2.9.0] AndroidManifest.xml:65:13-37
118        <receiver
118-->[androidx.work:work-runtime:2.9.0] AndroidManifest.xml:67:9-77:20
119            android:name="androidx.work.impl.background.systemalarm.ConstraintProxy$BatteryChargingProxy"
119-->[androidx.work:work-runtime:2.9.0] AndroidManifest.xml:68:13-106
120            android:directBootAware="false"
120-->[androidx.work:work-runtime:2.9.0] AndroidManifest.xml:69:13-44
121            android:enabled="false"
121-->[androidx.work:work-runtime:2.9.0] AndroidManifest.xml:70:13-36
122            android:exported="false" >
122-->[androidx.work:work-runtime:2.9.0] AndroidManifest.xml:71:13-37
123            <intent-filter>
123-->[androidx.work:work-runtime:2.9.0] AndroidManifest.xml:73:13-76:29
124                <action android:name="android.intent.action.ACTION_POWER_CONNECTED" />
124-->[androidx.work:work-runtime:2.9.0] AndroidManifest.xml:74:17-87
124-->[androidx.work:work-runtime:2.9.0] AndroidManifest.xml:74:25-84
125                <action android:name="android.intent.action.ACTION_POWER_DISCONNECTED" />
125-->[androidx.work:work-runtime:2.9.0] AndroidManifest.xml:75:17-90
125-->[androidx.work:work-runtime:2.9.0] AndroidManifest.xml:75:25-87
126            </intent-filter>
127        </receiver>
128        <receiver
128-->[androidx.work:work-runtime:2.9.0] AndroidManifest.xml:78:9-88:20
129            android:name="androidx.work.impl.background.systemalarm.ConstraintProxy$BatteryNotLowProxy"
129-->[androidx.work:work-runtime:2.9.0] AndroidManifest.xml:79:13-104
130            android:directBootAware="false"
130-->[androidx.work:work-runtime:2.9.0] AndroidManifest.xml:80:13-44
131            android:enabled="false"
131-->[androidx.work:work-runtime:2.9.0] AndroidManifest.xml:81:13-36
132            android:exported="false" >
132-->[androidx.work:work-runtime:2.9.0] AndroidManifest.xml:82:13-37
133            <intent-filter>
133-->[androidx.work:work-runtime:2.9.0] AndroidManifest.xml:84:13-87:29
134                <action android:name="android.intent.action.BATTERY_OKAY" />
134-->[androidx.work:work-runtime:2.9.0] AndroidManifest.xml:85:17-77
134-->[androidx.work:work-runtime:2.9.0] AndroidManifest.xml:85:25-74
135                <action android:name="android.intent.action.BATTERY_LOW" />
135-->[androidx.work:work-runtime:2.9.0] AndroidManifest.xml:86:17-76
135-->[androidx.work:work-runtime:2.9.0] AndroidManifest.xml:86:25-73
136            </intent-filter>
137        </receiver>
138        <receiver
138-->[androidx.work:work-runtime:2.9.0] AndroidManifest.xml:89:9-99:20
139            android:name="androidx.work.impl.background.systemalarm.ConstraintProxy$StorageNotLowProxy"
139-->[androidx.work:work-runtime:2.9.0] AndroidManifest.xml:90:13-104
140            android:directBootAware="false"
140-->[androidx.work:work-runtime:2.9.0] AndroidManifest.xml:91:13-44
141            android:enabled="false"
141-->[androidx.work:work-runtime:2.9.0] AndroidManifest.xml:92:13-36
142            android:exported="false" >
142-->[androidx.work:work-runtime:2.9.0] AndroidManifest.xml:93:13-37
143            <intent-filter>
143-->[androidx.work:work-runtime:2.9.0] AndroidManifest.xml:95:13-98:29
144                <action android:name="android.intent.action.DEVICE_STORAGE_LOW" />
144-->[androidx.work:work-runtime:2.9.0] AndroidManifest.xml:96:17-83
144-->[androidx.work:work-runtime:2.9.0] AndroidManifest.xml:96:25-80
145                <action android:name="android.intent.action.DEVICE_STORAGE_OK" />
145-->[androidx.work:work-runtime:2.9.0] AndroidManifest.xml:97:17-82
145-->[androidx.work:work-runtime:2.9.0] AndroidManifest.xml:97:25-79
146            </intent-filter>
147        </receiver>
148        <receiver
148-->[androidx.work:work-runtime:2.9.0] AndroidManifest.xml:100:9-109:20
149            android:name="androidx.work.impl.background.systemalarm.ConstraintProxy$NetworkStateProxy"
149-->[androidx.work:work-runtime:2.9.0] AndroidManifest.xml:101:13-103
150            android:directBootAware="false"
150-->[androidx.work:work-runtime:2.9.0] AndroidManifest.xml:102:13-44
151            android:enabled="false"
151-->[androidx.work:work-runtime:2.9.0] AndroidManifest.xml:103:13-36
152            android:exported="false" >
152-->[androidx.work:work-runtime:2.9.0] AndroidManifest.xml:104:13-37
153            <intent-filter>
153-->[androidx.work:work-runtime:2.9.0] AndroidManifest.xml:106:13-108:29
154                <action android:name="android.net.conn.CONNECTIVITY_CHANGE" />
154-->[androidx.work:work-runtime:2.9.0] AndroidManifest.xml:107:17-79
154-->[androidx.work:work-runtime:2.9.0] AndroidManifest.xml:107:25-76
155            </intent-filter>
156        </receiver>
157        <receiver
157-->[androidx.work:work-runtime:2.9.0] AndroidManifest.xml:110:9-121:20
158            android:name="androidx.work.impl.background.systemalarm.RescheduleReceiver"
158-->[androidx.work:work-runtime:2.9.0] AndroidManifest.xml:111:13-88
159            android:directBootAware="false"
159-->[androidx.work:work-runtime:2.9.0] AndroidManifest.xml:112:13-44
160            android:enabled="false"
160-->[androidx.work:work-runtime:2.9.0] AndroidManifest.xml:113:13-36
161            android:exported="false" >
161-->[androidx.work:work-runtime:2.9.0] AndroidManifest.xml:114:13-37
162            <intent-filter>
162-->[androidx.work:work-runtime:2.9.0] AndroidManifest.xml:116:13-120:29
163                <action android:name="android.intent.action.BOOT_COMPLETED" />
163-->[androidx.work:work-runtime:2.9.0] AndroidManifest.xml:117:17-79
163-->[androidx.work:work-runtime:2.9.0] AndroidManifest.xml:117:25-76
164                <action android:name="android.intent.action.TIME_SET" />
164-->[androidx.work:work-runtime:2.9.0] AndroidManifest.xml:118:17-73
164-->[androidx.work:work-runtime:2.9.0] AndroidManifest.xml:118:25-70
165                <action android:name="android.intent.action.TIMEZONE_CHANGED" />
165-->[androidx.work:work-runtime:2.9.0] AndroidManifest.xml:119:17-81
165-->[androidx.work:work-runtime:2.9.0] AndroidManifest.xml:119:25-78
166            </intent-filter>
167        </receiver>
168        <receiver
168-->[androidx.work:work-runtime:2.9.0] AndroidManifest.xml:122:9-131:20
169            android:name="androidx.work.impl.background.systemalarm.ConstraintProxyUpdateReceiver"
169-->[androidx.work:work-runtime:2.9.0] AndroidManifest.xml:123:13-99
170            android:directBootAware="false"
170-->[androidx.work:work-runtime:2.9.0] AndroidManifest.xml:124:13-44
171            android:enabled="@bool/enable_system_alarm_service_default"
171-->[androidx.work:work-runtime:2.9.0] AndroidManifest.xml:125:13-72
172            android:exported="false" >
172-->[androidx.work:work-runtime:2.9.0] AndroidManifest.xml:126:13-37
173            <intent-filter>
173-->[androidx.work:work-runtime:2.9.0] AndroidManifest.xml:128:13-130:29
174                <action android:name="androidx.work.impl.background.systemalarm.UpdateProxies" />
174-->[androidx.work:work-runtime:2.9.0] AndroidManifest.xml:129:17-98
174-->[androidx.work:work-runtime:2.9.0] AndroidManifest.xml:129:25-95
175            </intent-filter>
176        </receiver>
177        <receiver
177-->[androidx.work:work-runtime:2.9.0] AndroidManifest.xml:132:9-142:20
178            android:name="androidx.work.impl.diagnostics.DiagnosticsReceiver"
178-->[androidx.work:work-runtime:2.9.0] AndroidManifest.xml:133:13-78
179            android:directBootAware="false"
179-->[androidx.work:work-runtime:2.9.0] AndroidManifest.xml:134:13-44
180            android:enabled="true"
180-->[androidx.work:work-runtime:2.9.0] AndroidManifest.xml:135:13-35
181            android:exported="true"
181-->[androidx.work:work-runtime:2.9.0] AndroidManifest.xml:136:13-36
182            android:permission="android.permission.DUMP" >
182-->[androidx.work:work-runtime:2.9.0] AndroidManifest.xml:137:13-57
183            <intent-filter>
183-->[androidx.work:work-runtime:2.9.0] AndroidManifest.xml:139:13-141:29
184                <action android:name="androidx.work.diagnostics.REQUEST_DIAGNOSTICS" />
184-->[androidx.work:work-runtime:2.9.0] AndroidManifest.xml:140:17-88
184-->[androidx.work:work-runtime:2.9.0] AndroidManifest.xml:140:25-85
185            </intent-filter>
186        </receiver>
187
188        <service
188-->[androidx.room:room-runtime:2.5.0] AndroidManifest.xml:24:9-28:63
189            android:name="androidx.room.MultiInstanceInvalidationService"
189-->[androidx.room:room-runtime:2.5.0] AndroidManifest.xml:25:13-74
190            android:directBootAware="true"
190-->[androidx.room:room-runtime:2.5.0] AndroidManifest.xml:26:13-43
191            android:exported="false" />
191-->[androidx.room:room-runtime:2.5.0] AndroidManifest.xml:27:13-37
192
193        <receiver
193-->[androidx.profileinstaller:profileinstaller:1.3.0] AndroidManifest.xml:34:9-52:20
194            android:name="androidx.profileinstaller.ProfileInstallReceiver"
194-->[androidx.profileinstaller:profileinstaller:1.3.0] AndroidManifest.xml:35:13-76
195            android:directBootAware="false"
195-->[androidx.profileinstaller:profileinstaller:1.3.0] AndroidManifest.xml:36:13-44
196            android:enabled="true"
196-->[androidx.profileinstaller:profileinstaller:1.3.0] AndroidManifest.xml:37:13-35
197            android:exported="true"
197-->[androidx.profileinstaller:profileinstaller:1.3.0] AndroidManifest.xml:38:13-36
198            android:permission="android.permission.DUMP" >
198-->[androidx.profileinstaller:profileinstaller:1.3.0] AndroidManifest.xml:39:13-57
199            <intent-filter>
199-->[androidx.profileinstaller:profileinstaller:1.3.0] AndroidManifest.xml:40:13-42:29
200                <action android:name="androidx.profileinstaller.action.INSTALL_PROFILE" />
200-->[androidx.profileinstaller:profileinstaller:1.3.0] AndroidManifest.xml:41:17-91
200-->[androidx.profileinstaller:profileinstaller:1.3.0] AndroidManifest.xml:41:25-88
201            </intent-filter>
202            <intent-filter>
202-->[androidx.profileinstaller:profileinstaller:1.3.0] AndroidManifest.xml:43:13-45:29
203                <action android:name="androidx.profileinstaller.action.SKIP_FILE" />
203-->[androidx.profileinstaller:profileinstaller:1.3.0] AndroidManifest.xml:44:17-85
203-->[androidx.profileinstaller:profileinstaller:1.3.0] AndroidManifest.xml:44:25-82
204            </intent-filter>
205            <intent-filter>
205-->[androidx.profileinstaller:profileinstaller:1.3.0] AndroidManifest.xml:46:13-48:29
206                <action android:name="androidx.profileinstaller.action.SAVE_PROFILE" />
206-->[androidx.profileinstaller:profileinstaller:1.3.0] AndroidManifest.xml:47:17-88
206-->[androidx.profileinstaller:profileinstaller:1.3.0] AndroidManifest.xml:47:25-85
207            </intent-filter>
208            <intent-filter>
208-->[androidx.profileinstaller:profileinstaller:1.3.0] AndroidManifest.xml:49:13-51:29
209                <action android:name="androidx.profileinstaller.action.BENCHMARK_OPERATION" />
209-->[androidx.profileinstaller:profileinstaller:1.3.0] AndroidManifest.xml:50:17-95
209-->[androidx.profileinstaller:profileinstaller:1.3.0] AndroidManifest.xml:50:25-92
210            </intent-filter>
211        </receiver>
212    </application>
213
214</manifest>